<?xml version="1.0" encoding="UTF-8"?>
<!-- Generated by org.testng.reporters.JUnitXMLReporter -->
<testsuite ignored="0" hostname="LAPTOP-LRC93R60" failures="0" tests="1" name="Test" time="1.703" errors="0" timestamp="2023-03-22T14:37:36 IST">
  <testcase classname="Test1.VerifyLoginPage" name="@BeforeMethod BeforeMethod" time="0.0">
    <failure type="java.lang.NullPointerException" message="Cannot invoke &amp;quot;org.openqa.selenium.WebDriver.get(String)&amp;quot; because &amp;quot;this.driver&amp;quot; is null">
      <![CDATA[java.lang.NullPointerException: Cannot invoke "org.openqa.selenium.WebDriver.get(String)" because "this.driver" is null
at Test1.VerifyLoginPage.BeforeMethod(VerifyLoginPage.java:40)
at java.base/java.util.ArrayList.forEach(ArrayList.java:1511)
... Removed 31 stack frames]]>
    </failure>
  </testcase> <!-- @BeforeMethod BeforeMethod -->
  <testcase classname="Test1.VerifyLoginPage" name="@AfterMethod afterMethod" time="0.0">
    <skipped/>
  </testcase> <!-- @AfterMethod afterMethod -->
  <testcase classname="Test1.VerifyLoginPage" name="@AfterClass afterClass" time="0.0">
    <skipped/>
  </testcase> <!-- @AfterClass afterClass -->
  <testcase classname="Test1.VerifyLoginPage" name="Test2" time="0.0">
    <skipped/>
  </testcase> <!-- Test2 -->
</testsuite> <!-- Test -->
